# JRE version: OpenJDK Runtime Environment (24.0.1+9) (build 24.0.1+9-30)
# Java VM: OpenJDK 64-Bit Server VM (24.0.1+9-30, mixed mode, sharing, tiered, compressed oops, compressed class ptrs, g1 gc, linux-amd64)
GC Precious Log:
 CardTable entry size: 512
 Card Set container configuration: InlinePtr #cards 4 size 8 Array Of Cards #cards 64 size 144 Howl #buckets 8 coarsen threshold 14745 Howl Bitmap #cards 2048 size 272 coarsen threshold 1843 Card regions per heap region 1 cards per card region 16384
 CPUs: 128 total, 16 available
 Memory: 38428M
 Large Page Support: Disabled
 NUMA Support: Disabled
 Compressed Oops: Enabled (Zero based)
 Heap Region Size: 8M
 Heap Min Capacity: 8M
 Heap Initial Capacity: 608M
 Heap Max Capacity: 9608M
 Pre-touch: Disabled
 Parallel Workers: 13
 Concurrent Workers: 3
 Concurrent Refinement Workers: 13
 Periodic GC: Disabled
Heap:
 garbage-first heap   total reserved 9838592K, committed 638976K, used 250242K [0x00000005a7800000, 0x0000000800000000)
  region size 8192K, 2 young (16384K), 1 survivors (8192K)
 Metaspace       used 61224K, committed 61824K, reserved 1114112K
  class space    used 6923K, committed 7168K, reserved 1048576K
GC Heap History (20 events):
Event: 3888.085 GC heap before
{Heap before GC invocations=5333 (full 0):
 garbage-first heap   total reserved 9838592K, committed 638976K, used 578404K [0x00000005a7800000, 0x0000000800000000)
  region size 8192K, 41 young (335872K), 1 survivors (8192K)
 Metaspace       used 58911K, committed 59584K, reserved 1114112K
  class space    used 6718K, committed 7040K, reserved 1048576K
}
Event: 3888.088 GC heap after
{Heap after GC invocations=5334 (full 0):
 garbage-first heap   total reserved 9838592K, committed 638976K, used 250925K [0x00000005a7800000, 0x0000000800000000)
  region size 8192K, 1 young (8192K), 1 survivors (8192K)
 Metaspace       used 58911K, committed 59584K, reserved 1114112K
  class space    used 6718K, committed 7040K, reserved 1048576K
}
Event: 3892.071 GC heap before
{Heap before GC invocations=5334 (full 0):
 garbage-first heap   total reserved 9838592K, committed 638976K, used 578605K [0x00000005a7800000, 0x0000000800000000)
  region size 8192K, 41 young (335872K), 1 survivors (8192K)
 Metaspace       used 58911K, committed 59584K, reserved 1114112K
  class space    used 6718K, committed 7040K, reserved 1048576K
}
Event: 3892.076 GC heap after
{Heap after GC invocations=5335 (full 0):
 garbage-first heap   total reserved 9838592K, committed 638976K, used 249779K [0x00000005a7800000, 0x0000000800000000)
  region size 8192K, 1 young (8192K), 1 survivors (8192K)
 Metaspace       used 58911K, committed 59584K, reserved 1114112K
  class space    used 6718K, committed 7040K, reserved 1048576K
}
Event: 3895.616 GC heap before
{Heap before GC invocations=5335 (full 0):
 garbage-first heap   total reserved 9838592K, committed 638976K, used 585651K [0x00000005a7800000, 0x0000000800000000)
  region size 8192K, 42 young (344064K), 1 survivors (8192K)
 Metaspace       used 58911K, committed 59584K, reserved 1114112K
  class space    used 6718K, committed 7040K, reserved 1048576K
}
Event: 3895.619 GC heap after
{Heap after GC invocations=5336 (full 0):
 garbage-first heap   total reserved 9838592K, committed 638976K, used 249629K [0x00000005a7800000, 0x0000000800000000)
  region size 8192K, 1 young (8192K), 1 survivors (8192K)
 Metaspace       used 58911K, committed 59584K, reserved 1114112K
  class space    used 6718K, committed 7040K, reserved 1048576K
}
Event: 3899.185 GC heap before
{Heap before GC invocations=5337 (full 0):
 garbage-first heap   total reserved 9838592K, committed 638976K, used 585501K [0x00000005a7800000, 0x0000000800000000)
  region size 8192K, 42 young (344064K), 1 survivors (8192K)
 Metaspace       used 58911K, committed 59584K, reserved 1114112K
  class space    used 6718K, committed 7040K, reserved 1048576K
}
Event: 3899.189 GC heap after
{Heap after GC invocations=5338 (full 0):
 garbage-first heap   total reserved 9838592K, committed 638976K, used 249989K [0x00000005a7800000, 0x0000000800000000)
  region size 8192K, 1 young (8192K), 1 survivors (8192K)
 Metaspace       used 58911K, committed 59584K, reserved 1114112K
  class space    used 6718K, committed 7040K, reserved 1048576K
}
Event: 3902.629 GC heap before
{Heap before GC invocations=5338 (full 0):
 garbage-first heap   total reserved 9838592K, committed 638976K, used 585861K [0x00000005a7800000, 0x0000000800000000)
  region size 8192K, 42 young (344064K), 1 survivors (8192K)
 Metaspace       used 58911K, committed 59584K, reserved 1114112K
  class space    used 6718K, committed 7040K, reserved 1048576K
}
Event: 3902.632 GC heap after
{Heap after GC invocations=5339 (full 0):
 garbage-first heap   total reserved 9838592K, committed 638976K, used 249657K [0x00000005a7800000, 0x0000000800000000)
  region size 8192K, 1 young (8192K), 1 survivors (8192K)
 Metaspace       used 58911K, committed 59584K, reserved 1114112K
  class space    used 6718K, committed 7040K, reserved 1048576K
}
Event: 3906.196 GC heap before
{Heap before GC invocations=5340 (full 0):
 garbage-first heap   total reserved 9838592K, committed 638976K, used 585529K [0x00000005a7800000, 0x0000000800000000)
  region size 8192K, 42 young (344064K), 1 survivors (8192K)
 Metaspace       used 58911K, committed 59584K, reserved 1114112K
  class space    used 6718K, committed 7040K, reserved 1048576K
}
Event: 3906.199 GC heap after
{Heap after GC invocations=5341 (full 0):
 garbage-first heap   total reserved 9838592K, committed 638976K, used 249713K [0x00000005a7800000, 0x0000000800000000)
  region size 8192K, 1 young (8192K), 1 survivors (8192K)
 Metaspace       used 58911K, committed 59584K, reserved 1114112K
  class space    used 6718K, committed 7040K, reserved 1048576K
}
Event: 3909.807 GC heap before
{Heap before GC invocations=5341 (full 0):
 garbage-first heap   total reserved 9838592K, committed 638976K, used 585585K [0x00000005a7800000, 0x0000000800000000)
  region size 8192K, 42 young (344064K), 1 survivors (8192K)
 Metaspace       used 58911K, committed 59584K, reserved 1114112K
  class space    used 6718K, committed 7040K, reserved 1048576K
}
Event: 3909.810 GC heap after
{Heap after GC invocations=5342 (full 0):
 garbage-first heap   total reserved 9838592K, committed 638976K, used 249861K [0x00000005a7800000, 0x0000000800000000)
  region size 8192K, 1 young (8192K), 1 survivors (8192K)
 Metaspace       used 58911K, committed 59584K, reserved 1114112K
  class space    used 6718K, committed 7040K, reserved 1048576K
}
Event: 3913.541 GC heap before
{Heap before GC invocations=5343 (full 0):
 garbage-first heap   total reserved 9838592K, committed 638976K, used 585733K [0x00000005a7800000, 0x0000000800000000)
  region size 8192K, 42 young (344064K), 1 survivors (8192K)
 Metaspace       used 58911K, committed 59584K, reserved 1114112K
  class space    used 6718K, committed 7040K, reserved 1048576K
}
Event: 3913.544 GC heap after
{Heap after GC invocations=5344 (full 0):
 garbage-first heap   total reserved 9838592K, committed 638976K, used 249933K [0x00000005a7800000, 0x0000000800000000)
  region size 8192K, 1 young (8192K), 1 survivors (8192K)
 Metaspace       used 58911K, committed 59584K, reserved 1114112K
  class space    used 6718K, committed 7040K, reserved 1048576K
}
Event: 3916.989 GC heap before
{Heap before GC invocations=5344 (full 0):
 garbage-first heap   total reserved 9838592K, committed 638976K, used 585805K [0x00000005a7800000, 0x0000000800000000)
  region size 8192K, 42 young (344064K), 1 survivors (8192K)
 Metaspace       used 58911K, committed 59584K, reserved 1114112K
  class space    used 6718K, committed 7040K, reserved 1048576K
}
Event: 3916.992 GC heap after
{Heap after GC invocations=5345 (full 0):
 garbage-first heap   total reserved 9838592K, committed 638976K, used 250011K [0x00000005a7800000, 0x0000000800000000)
  region size 8192K, 1 young (8192K), 1 survivors (8192K)
 Metaspace       used 58911K, committed 59584K, reserved 1114112K
  class space    used 6718K, committed 7040K, reserved 1048576K
}
Event: 3920.686 GC heap before
{Heap before GC invocations=5346 (full 0):
 garbage-first heap   total reserved 9838592K, committed 638976K, used 585883K [0x00000005a7800000, 0x0000000800000000)
  region size 8192K, 42 young (344064K), 1 survivors (8192K)
 Metaspace       used 60736K, committed 61376K, reserved 1114112K
  class space    used 6893K, committed 7168K, reserved 1048576K
}
Event: 3920.692 GC heap after
{Heap after GC invocations=5347 (full 0):
 garbage-first heap   total reserved 9838592K, committed 638976K, used 250242K [0x00000005a7800000, 0x0000000800000000)
  region size 8192K, 1 young (8192K), 1 survivors (8192K)
 Metaspace       used 60736K, committed 61376K, reserved 1114112K
  class space    used 6893K, committed 7168K, reserved 1048576K
}

